0 info it worked if it ends with ok
1 verbose cli [ 'C:\\Program Files\\nodejs\\node.exe',
1 verbose cli   'C:\\Program Files\\nodejs\\node_modules\\npm\\bin\\npm-cli.js',
1 verbose cli   'run',
1 verbose cli   'compile:ts' ]
2 info using npm@3.10.10
3 info using node@v6.10.2
4 verbose run-script [ 'precompile:ts', 'compile:ts', 'postcompile:ts' ]
5 info lifecycle jedlik-phaser-typescript-vscode-template@1.0.0~precompile:ts: jedlik-phaser-typescript-vscode-template@1.0.0
6 silly lifecycle jedlik-phaser-typescript-vscode-template@1.0.0~precompile:ts: no script for precompile:ts, continuing
7 info lifecycle jedlik-phaser-typescript-vscode-template@1.0.0~compile:ts: jedlik-phaser-typescript-vscode-template@1.0.0
8 verbose lifecycle jedlik-phaser-typescript-vscode-template@1.0.0~compile:ts: unsafe-perm in lifecycle true
9 verbose lifecycle jedlik-phaser-typescript-vscode-template@1.0.0~compile:ts: PATH: C:\Program Files\nodejs\node_modules\npm\bin\node-gyp-bin;D:\Dropbox\___Pharser\JedlikTsPhaserTemplate\node_modules\.bin;C:\Program Files\Python36\Scripts\;C:\Program Files\Python36\;C:\Users\nits\AppData\Roaming\Python\Python36 ;C:\Windows\system32;C:\Windows;C:\Windows\System32\Wbem;C:\Windows\System32\WindowsPowerShell\v1.0\;C:\Users\nits\.dnx\bin;C:\Program Files\Microsoft DNX\Dnvm\;C:\Program Files (x86)\GtkSharp\2.12\bin;C:\Program Files\Java\jdk1.8.0_73\bin;C:\Program Files (x86)\Android\android-sdk\tools;C:\Program Files (x86)\Android\android-sdk\platform-tools;C:\apache-ant-1.9.3\bin;C:\Program Files (x86)\Git\cmd;C:\Users\nits\.dnx\bin;C:\WINDOWS\system32;C:\WINDOWS;C:\WINDOWS\System32\Wbem;C:\WINDOWS\System32\WindowsPowerShell\v1.0\;C:\Program Files\Git\cmd;C:\Program Files\nodejs\;C:\Program Files\PuTTY\;C:\Program Files\Microsoft SQL Server\130\Tools\Binn\;C:\Program Files\dotnet\;C:\Program Files\Microsoft SQL Server\120\Tools\Binn\;C:\Program Files (x86)\Microsoft SQL Server\Client SDK\ODBC\110\Tools\Binn\;C:\Program Files (x86)\Microsoft SQL Server\120\Tools\Binn\ManagementStudio\;C:\Program Files (x86)\Microsoft SQL Server\120\Tools\Binn\;C:\Program Files (x86)\Microsoft SQL Server\120\DTS\Binn\;C:\Users\nits\;C:\Users\nits\AppData\Roaming\npm;C:\Program Files\Microsoft VS Code\bin;C:\Users\nits\AppData\Local\Microsoft\WindowsApps
10 verbose lifecycle jedlik-phaser-typescript-vscode-template@1.0.0~compile:ts: CWD: D:\Dropbox\___Pharser\JedlikTsPhaserTemplate
11 silly lifecycle jedlik-phaser-typescript-vscode-template@1.0.0~compile:ts: Args: [ '/d /s /c', 'tsc --outFile ./wwwroot/js/game.js' ]
12 verbose stack Error: kill ENOSYS
12 verbose stack     at exports._errnoException (util.js:1018:11)
12 verbose stack     at process.kill (internal/process.js:190:13)
12 verbose stack     at process.listener (C:\Program Files\nodejs\node_modules\npm\node_modules\npmlog\node_modules\gauge\node_modules\signal-exit\index.js:86:15)
12 verbose stack     at emitNone (events.js:91:20)
12 verbose stack     at process.emit (events.js:185:7)
12 verbose stack     at processEmit (C:\Program Files\nodejs\node_modules\npm\node_modules\npmlog\node_modules\gauge\node_modules\signal-exit\index.js:146:32)
12 verbose stack     at processEmit (C:\Program Files\nodejs\node_modules\npm\node_modules\npm-registry-client\node_modules\npmlog\node_modules\gauge\node_modules\signal-exit\index.js:146:32)
12 verbose stack     at Signal.wrap.onsignal (internal/process.js:217:44)
13 verbose cwd D:\Dropbox\___Pharser\JedlikTsPhaserTemplate
14 error Windows_NT 10.0.15063
15 error argv "C:\\Program Files\\nodejs\\node.exe" "C:\\Program Files\\nodejs\\node_modules\\npm\\bin\\npm-cli.js" "run" "compile:ts"
16 error node v6.10.2
17 error npm  v3.10.10
18 error code ENOSYS
19 error errno ENOSYS
20 error syscall kill
21 error kill ENOSYS
22 error If you need help, you may report this error at:
22 error     <https://github.com/npm/npm/issues>
23 verbose exit [ 1, true ]
